INFO:root:Text: twill

‘can't do

never get
anyiningrignt ever

rma lien

burden worthless,
tm no-one

weak likes me
 | Predicted Sentiment: pos
INFO:root:Text: NEGATIVE

“Horrible service.
The room was dirty
and unpleasant.
Not worth the money.”

 | Predicted Sentiment: pos
INFO:root:Text: NEGATIVE

“Horrible service.
The room was dirty
and unpleasant.
Not worth the money.”

 | Sentiment Scores: {'neg': 0.573, 'neu': 0.427, 'pos': 0.0, 'compound': -0.9022}
INFO:root:Text: twill

‘can't do

never get
anyiningrignt ever

rma lien

burden worthless,
tm no-one

weak likes me
 | Sentiment Scores: {'neg': 0.37, 'neu': 0.511, 'pos': 0.119, 'compound': -0.7096}
INFO:root:Text: “To me, beauty is
natural beauty. If you're
naturally yourself,
you're beautiful.”

YOUNG M.A,
 | Sentiment Scores: {'neg': 0.0, 'neu': 0.521, 'pos': 0.479, 'compound': 0.8779}
INFO:root:Text: “To me, beauty is
natural beauty. If you're
naturally yourself,
you're beautiful.”

YOUNG M.A,
 | Sentiment Scores: {'neg': 0.0, 'neu': 0.521, 'pos': 0.479, 'compound': 0.8779}
INFO:root:Text: NEGATIVE

“Horrible service.
The room was dirty
and unpleasant.
Not worth the money.”

 | Sentiment Scores: {'neg': 0.573, 'neu': 0.427, 'pos': 0.0, 'compound': -0.9022}
INFO:root:Text: NEGATIVE

“Horrible service.
The room was dirty
and unpleasant.
Not worth the money.”

 | Sentiment Scores: {'neg': 0.573, 'neu': 0.427, 'pos': 0.0, 'compound': -0.9022}
INFO:root:Text: “To me, beauty is
natural beauty. If you're
naturally yourself,
you're beautiful.”

YOUNG M.A,
 | Sentiment Scores: {'neg': 0.0, 'neu': 0.521, 'pos': 0.479, 'compound': 0.8779}
INFO:root:Text: NEGATIVE

“Horrible service.
The room was dirty
and unpleasant.
Not worth the money.”

 | Sentiment Scores: {'neg': 0.573, 'neu': 0.427, 'pos': 0.0, 'compound': -0.9022}
INFO:root:Text: “To me, beauty is
natural beauty. If you're
naturally yourself,
you're beautiful.”

YOUNG M.A,
 | Sentiment Scores: {'neg': 0.0, 'neu': 0.521, 'pos': 0.479, 'compound': 0.8779}
INFO:root:Text: NEGATIVE

“Horrible service.
The room was dirty
and unpleasant.
Not worth the money.”

 | Sentiment Scores: {'neg': 0.573, 'neu': 0.427, 'pos': 0.0, 'compound': -0.9022}
INFO:root:Text: Don't be afraid to give your best to
What seemingly are small jobs. Every
time you conquer ane it makes you
that much stronger. Ifyou do the
little jobs wel, the big ones wl tend
to take care of themselves.
Duk ose

szovores

 | Sentiment Scores: {'neg': 0.0, 'neu': 0.8, 'pos': 0.2, 'compound': 0.875}
